0 info it worked if it ends with ok
1 verbose cli [ 'node',
1 verbose cli   '/usr/local/bin/npm',
1 verbose cli   'install',
1 verbose cli   '-g',
1 verbose cli   'generator-brei-app',
1 verbose cli   'generator-brei-gulp',
1 verbose cli   'generator-generator',
1 verbose cli   'generator-gulp-webapp',
1 verbose cli   'generator-jquery',
1 verbose cli   'generator-patternlab',
1 verbose cli   'generator-revealjs',
1 verbose cli   'generator-webapp',
1 verbose cli   'generator-mocha' ]
2 info using npm@2.1.3
3 info using node@v0.10.26
4 silly cache add args [ 'generator-brei-app', null ]
5 verbose cache add spec generator-brei-app
6 silly cache add args [ 'generator-brei-gulp', null ]
7 verbose cache add spec generator-brei-gulp
8 silly cache add args [ 'generator-generator', null ]
9 verbose cache add spec generator-generator
10 silly cache add args [ 'generator-gulp-webapp', null ]
11 verbose cache add spec generator-gulp-webapp
12 silly cache add args [ 'generator-jquery', null ]
13 verbose cache add spec generator-jquery
14 silly cache add args [ 'generator-patternlab', null ]
15 verbose cache add spec generator-patternlab
16 silly cache add args [ 'generator-revealjs', null ]
17 verbose cache add spec generator-revealjs
18 silly cache add args [ 'generator-webapp', null ]
19 verbose cache add spec generator-webapp
20 silly cache add args [ 'generator-mocha', null ]
21 verbose cache add spec generator-mocha
22 silly cache add parsed spec { raw: 'generator-brei-app',
22 silly cache add   scope: null,
22 silly cache add   name: 'generator-brei-app',
22 silly cache add   rawSpec: '',
22 silly cache add   spec: '*',
22 silly cache add   type: 'range' }
23 verbose addNamed generator-brei-app@*
24 verbose addNamed generator-brei-app@* not in flight; adding
25 silly addNamed semver.valid null
26 silly addNamed semver.validRange *
27 silly addNameRange { name: 'generator-brei-app', range: '*', hasData: false }
28 verbose mapToRegistry name generator-brei-app
29 verbose mapToRegistry uri https://registry.npmjs.org/generator-brei-app
30 silly cache add parsed spec { raw: 'generator-brei-gulp',
30 silly cache add   scope: null,
30 silly cache add   name: 'generator-brei-gulp',
30 silly cache add   rawSpec: '',
30 silly cache add   spec: '*',
30 silly cache add   type: 'range' }
31 verbose addNamed generator-brei-gulp@*
32 verbose addNamed generator-brei-gulp@* not in flight; adding
33 silly addNamed semver.valid null
34 silly addNamed semver.validRange *
35 silly addNameRange { name: 'generator-brei-gulp', range: '*', hasData: false }
36 verbose mapToRegistry name generator-brei-gulp
37 verbose mapToRegistry uri https://registry.npmjs.org/generator-brei-gulp
38 silly cache add parsed spec { raw: 'generator-generator',
38 silly cache add   scope: null,
38 silly cache add   name: 'generator-generator',
38 silly cache add   rawSpec: '',
38 silly cache add   spec: '*',
38 silly cache add   type: 'range' }
39 verbose addNamed generator-generator@*
40 verbose addNamed generator-generator@* not in flight; adding
41 silly addNamed semver.valid null
42 silly addNamed semver.validRange *
43 silly addNameRange { name: 'generator-generator', range: '*', hasData: false }
44 verbose mapToRegistry name generator-generator
45 verbose mapToRegistry uri https://registry.npmjs.org/generator-generator
46 silly cache add parsed spec { raw: 'generator-gulp-webapp',
46 silly cache add   scope: null,
46 silly cache add   name: 'generator-gulp-webapp',
46 silly cache add   rawSpec: '',
46 silly cache add   spec: '*',
46 silly cache add   type: 'range' }
47 verbose addNamed generator-gulp-webapp@*
48 verbose addNamed generator-gulp-webapp@* not in flight; adding
49 silly addNamed semver.valid null
50 silly addNamed semver.validRange *
51 silly addNameRange { name: 'generator-gulp-webapp', range: '*', hasData: false }
52 verbose mapToRegistry name generator-gulp-webapp
53 verbose mapToRegistry uri https://registry.npmjs.org/generator-gulp-webapp
54 silly cache add parsed spec { raw: 'generator-jquery',
54 silly cache add   scope: null,
54 silly cache add   name: 'generator-jquery',
54 silly cache add   rawSpec: '',
54 silly cache add   spec: '*',
54 silly cache add   type: 'range' }
55 verbose addNamed generator-jquery@*
56 verbose addNamed generator-jquery@* not in flight; adding
57 silly addNamed semver.valid null
58 silly addNamed semver.validRange *
59 silly addNameRange { name: 'generator-jquery', range: '*', hasData: false }
60 verbose mapToRegistry name generator-jquery
61 verbose mapToRegistry uri https://registry.npmjs.org/generator-jquery
62 silly cache add parsed spec { raw: 'generator-patternlab',
62 silly cache add   scope: null,
62 silly cache add   name: 'generator-patternlab',
62 silly cache add   rawSpec: '',
62 silly cache add   spec: '*',
62 silly cache add   type: 'range' }
63 verbose addNamed generator-patternlab@*
64 verbose addNamed generator-patternlab@* not in flight; adding
65 silly addNamed semver.valid null
66 silly addNamed semver.validRange *
67 silly addNameRange { name: 'generator-patternlab', range: '*', hasData: false }
68 verbose mapToRegistry name generator-patternlab
69 verbose mapToRegistry uri https://registry.npmjs.org/generator-patternlab
70 silly cache add parsed spec { raw: 'generator-revealjs',
70 silly cache add   scope: null,
70 silly cache add   name: 'generator-revealjs',
70 silly cache add   rawSpec: '',
70 silly cache add   spec: '*',
70 silly cache add   type: 'range' }
71 verbose addNamed generator-revealjs@*
72 verbose addNamed generator-revealjs@* not in flight; adding
73 silly addNamed semver.valid null
74 silly addNamed semver.validRange *
75 silly addNameRange { name: 'generator-revealjs', range: '*', hasData: false }
76 verbose mapToRegistry name generator-revealjs
77 verbose mapToRegistry uri https://registry.npmjs.org/generator-revealjs
78 silly cache add parsed spec { raw: 'generator-webapp',
78 silly cache add   scope: null,
78 silly cache add   name: 'generator-webapp',
78 silly cache add   rawSpec: '',
78 silly cache add   spec: '*',
78 silly cache add   type: 'range' }
79 verbose addNamed generator-webapp@*
80 verbose addNamed generator-webapp@* not in flight; adding
81 silly addNamed semver.valid null
82 silly addNamed semver.validRange *
83 silly addNameRange { name: 'generator-webapp', range: '*', hasData: false }
84 verbose mapToRegistry name generator-webapp
85 verbose mapToRegistry uri https://registry.npmjs.org/generator-webapp
86 silly cache add parsed spec { raw: 'generator-mocha',
86 silly cache add   scope: null,
86 silly cache add   name: 'generator-mocha',
86 silly cache add   rawSpec: '',
86 silly cache add   spec: '*',
86 silly cache add   type: 'range' }
87 verbose addNamed generator-mocha@*
88 verbose addNamed generator-mocha@* not in flight; adding
89 silly addNamed semver.valid null
90 silly addNamed semver.validRange *
91 silly addNameRange { name: 'generator-mocha', range: '*', hasData: false }
92 verbose mapToRegistry name generator-mocha
93 verbose mapToRegistry uri https://registry.npmjs.org/generator-mocha
94 verbose request on initialization, where is /generator-brei-gulp
95 verbose request after pass 1, where is /generator-brei-gulp
96 verbose request url raw /generator-brei-gulp
97 verbose request resolving registry [ 'https://registry.npmjs.org/', './generator-brei-gulp' ]
98 verbose request after pass 2, where is https://registry.npmjs.org/generator-brei-gulp
99 verbose request no auth needed
100 info attempt registry request try #1 at 13:06:34
101 verbose request id 7b6a5a847326fa8e
102 http request GET https://registry.npmjs.org/generator-brei-gulp
103 verbose request on initialization, where is /generator-brei-app
104 verbose request after pass 1, where is /generator-brei-app
105 verbose request url raw /generator-brei-app
106 verbose request resolving registry [ 'https://registry.npmjs.org/', './generator-brei-app' ]
107 verbose request after pass 2, where is https://registry.npmjs.org/generator-brei-app
108 verbose request no auth needed
109 info attempt registry request try #1 at 13:06:34
110 verbose etag "DQVHBGWLJ6IZAFU4H2PT9EYDU"
111 http request GET https://registry.npmjs.org/generator-brei-app
112 verbose request on initialization, where is /generator-generator
113 verbose request after pass 1, where is /generator-generator
114 verbose request url raw /generator-generator
115 verbose request resolving registry [ 'https://registry.npmjs.org/', './generator-generator' ]
116 verbose request after pass 2, where is https://registry.npmjs.org/generator-generator
117 verbose request no auth needed
118 info attempt registry request try #1 at 13:06:34
119 verbose etag "74CNX3LRTVIWGFAR5PF4KJMJA"
120 http request GET https://registry.npmjs.org/generator-generator
121 verbose request on initialization, where is /generator-gulp-webapp
122 verbose request after pass 1, where is /generator-gulp-webapp
123 verbose request url raw /generator-gulp-webapp
124 verbose request resolving registry [ 'https://registry.npmjs.org/', './generator-gulp-webapp' ]
125 verbose request after pass 2, where is https://registry.npmjs.org/generator-gulp-webapp
126 verbose request no auth needed
127 info attempt registry request try #1 at 13:06:34
128 verbose etag "BONAL3J4FGCM47E2OMK28URUR"
129 http request GET https://registry.npmjs.org/generator-gulp-webapp
130 verbose request on initialization, where is /generator-jquery
131 verbose request after pass 1, where is /generator-jquery
132 verbose request url raw /generator-jquery
133 verbose request resolving registry [ 'https://registry.npmjs.org/', './generator-jquery' ]
134 verbose request after pass 2, where is https://registry.npmjs.org/generator-jquery
135 verbose request no auth needed
136 info attempt registry request try #1 at 13:06:34
137 verbose etag "35XKY6SBSD7HVVY9NEJ8G0W2A"
138 http request GET https://registry.npmjs.org/generator-jquery
139 verbose request on initialization, where is /generator-patternlab
140 verbose request after pass 1, where is /generator-patternlab
141 verbose request url raw /generator-patternlab
142 verbose request resolving registry [ 'https://registry.npmjs.org/', './generator-patternlab' ]
143 verbose request after pass 2, where is https://registry.npmjs.org/generator-patternlab
144 verbose request no auth needed
145 info attempt registry request try #1 at 13:06:34
146 verbose etag "6YGA0TMJ6ORNT0N73HQNZZE10"
147 http request GET https://registry.npmjs.org/generator-patternlab
148 verbose request on initialization, where is /generator-revealjs
149 verbose request after pass 1, where is /generator-revealjs
150 verbose request url raw /generator-revealjs
151 verbose request resolving registry [ 'https://registry.npmjs.org/', './generator-revealjs' ]
152 verbose request after pass 2, where is https://registry.npmjs.org/generator-revealjs
153 verbose request no auth needed
154 info attempt registry request try #1 at 13:06:34
155 verbose etag "8R1BICM3QWFFUHX2XVHNRD2GT"
156 http request GET https://registry.npmjs.org/generator-revealjs
157 verbose request on initialization, where is /generator-webapp
158 verbose request after pass 1, where is /generator-webapp
159 verbose request url raw /generator-webapp
160 verbose request resolving registry [ 'https://registry.npmjs.org/', './generator-webapp' ]
161 verbose request after pass 2, where is https://registry.npmjs.org/generator-webapp
162 verbose request no auth needed
163 info attempt registry request try #1 at 13:06:34
164 verbose etag "94FDJG2O8132GD7K8BWLGWM1O"
165 http request GET https://registry.npmjs.org/generator-webapp
166 verbose request on initialization, where is /generator-mocha
167 verbose request after pass 1, where is /generator-mocha
168 verbose request url raw /generator-mocha
169 verbose request resolving registry [ 'https://registry.npmjs.org/', './generator-mocha' ]
170 verbose request after pass 2, where is https://registry.npmjs.org/generator-mocha
171 verbose request no auth needed
172 info attempt registry request try #1 at 13:06:34
173 verbose etag "2IA865DRMQBYRQDMKJ0W2EB1B"
174 http request GET https://registry.npmjs.org/generator-mocha
175 http 304 https://registry.npmjs.org/generator-brei-app
176 silly registry.get cb [ 304,
176 silly registry.get   { date: 'Tue, 24 Feb 2015 18:06:34 GMT',
176 silly registry.get     server: 'Apache',
176 silly registry.get     via: '1.1 varnish',
176 silly registry.get     'last-modified': 'Tue, 24 Feb 2015 18:06:34 GMT',
176 silly registry.get     'cache-control': 'max-age=60',
176 silly registry.get     etag: '"DQVHBGWLJ6IZAFU4H2PT9EYDU"',
176 silly registry.get     age: '0',
176 silly registry.get     'x-served-by': 'cache-atl6230-ATL',
176 silly registry.get     'x-cache': 'HIT',
176 silly registry.get     'x-cache-hits': '1',
176 silly registry.get     'x-timer': 'S1424801194.865338,VS0,VE23',
176 silly registry.get     vary: 'Accept',
176 silly registry.get     'content-length': '0',
176 silly registry.get     'keep-alive': 'timeout=10, max=50',
176 silly registry.get     connection: 'Keep-Alive' } ]
177 verbose etag https://registry.npmjs.org/generator-brei-app from cache
178 silly addNameRange number 2 { name: 'generator-brei-app', range: '*', hasData: true }
179 silly addNameRange versions [ 'generator-brei-app',
179 silly addNameRange   [ '0.1.0', '0.2.0', '0.4.0', '0.5.0', '1.0.0', '1.1.0', '1.1.1' ] ]
180 verbose addNamed generator-brei-app@1.1.1
181 verbose addNamed generator-brei-app@1.1.1 not in flight; adding
182 silly addNamed semver.valid 1.1.1
183 silly addNamed semver.validRange 1.1.1
184 verbose afterAdd /Users/imoffitt/.npm/generator-brei-app/1.1.1/package/package.json not in flight; writing
185 http 304 https://registry.npmjs.org/generator-jquery
186 silly registry.get cb [ 304,
186 silly registry.get   { date: 'Tue, 24 Feb 2015 18:06:34 GMT',
186 silly registry.get     server: 'Apache',
186 silly registry.get     via: '1.1 varnish',
186 silly registry.get     'last-modified': 'Tue, 24 Feb 2015 18:06:34 GMT',
186 silly registry.get     'cache-control': 'max-age=60',
186 silly registry.get     etag: '"35XKY6SBSD7HVVY9NEJ8G0W2A"',
186 silly registry.get     age: '0',
186 silly registry.get     'x-served-by': 'cache-atl6234-ATL',
186 silly registry.get     'x-cache': 'MISS',
186 silly registry.get     'x-cache-hits': '0',
186 silly registry.get     'x-timer': 'S1424801194.869661,VS0,VE124',
186 silly registry.get     vary: 'Accept',
186 silly registry.get     'content-length': '0',
186 silly registry.get     'keep-alive': 'timeout=10, max=50',
186 silly registry.get     connection: 'Keep-Alive' } ]
187 verbose etag https://registry.npmjs.org/generator-jquery from cache
188 silly addNameRange number 2 { name: 'generator-jquery', range: '*', hasData: true }
189 silly addNameRange versions [ 'generator-jquery',
189 silly addNameRange   [ '0.0.1',
189 silly addNameRange     '0.0.2',
189 silly addNameRange     '0.0.3',
189 silly addNameRange     '0.0.5',
189 silly addNameRange     '0.0.6',
189 silly addNameRange     '0.0.7',
189 silly addNameRange     '0.0.9',
189 silly addNameRange     '0.0.10',
189 silly addNameRange     '0.1.0',
189 silly addNameRange     '0.1.1',
189 silly addNameRange     '1.0.0',
189 silly addNameRange     '1.1.0',
189 silly addNameRange     '1.1.1',
189 silly addNameRange     '1.1.2' ] ]
190 verbose addNamed generator-jquery@1.1.2
191 verbose addNamed generator-jquery@1.1.2 not in flight; adding
192 silly addNamed semver.valid 1.1.2
193 silly addNamed semver.validRange 1.1.2
194 verbose afterAdd /Users/imoffitt/.npm/generator-jquery/1.1.2/package/package.json not in flight; writing
195 http 304 https://registry.npmjs.org/generator-generator
196 silly registry.get cb [ 304,
196 silly registry.get   { date: 'Tue, 24 Feb 2015 18:06:34 GMT',
196 silly registry.get     server: 'Apache',
196 silly registry.get     via: '1.1 varnish',
196 silly registry.get     'last-modified': 'Tue, 24 Feb 2015 18:06:35 GMT',
196 silly registry.get     'cache-control': 'max-age=60',
196 silly registry.get     etag: '"74CNX3LRTVIWGFAR5PF4KJMJA"',
196 silly registry.get     age: '0',
196 silly registry.get     'x-served-by': 'cache-atl6226-ATL',
196 silly registry.get     'x-cache': 'MISS',
196 silly registry.get     'x-cache-hits': '0',
196 silly registry.get     'x-timer': 'S1424801194.876026,VS0,VE153',
196 silly registry.get     vary: 'Accept',
196 silly registry.get     'content-length': '0',
196 silly registry.get     'keep-alive': 'timeout=10, max=50',
196 silly registry.get     connection: 'Keep-Alive' } ]
197 verbose etag https://registry.npmjs.org/generator-generator from cache
198 silly addNameRange number 2 { name: 'generator-generator', range: '*', hasData: true }
199 silly addNameRange versions [ 'generator-generator',
199 silly addNameRange   [ '0.1.0',
199 silly addNameRange     '0.1.1',
199 silly addNameRange     '0.2.0',
199 silly addNameRange     '0.2.1',
199 silly addNameRange     '0.2.2',
199 silly addNameRange     '0.3.0',
199 silly addNameRange     '0.4.0',
199 silly addNameRange     '0.4.1',
199 silly addNameRange     '0.4.2',
199 silly addNameRange     '0.4.3',
199 silly addNameRange     '0.4.4',
199 silly addNameRange     '0.5.0',
199 silly addNameRange     '0.6.0' ] ]
200 verbose addNamed generator-generator@0.6.0
201 verbose addNamed generator-generator@0.6.0 not in flight; adding
202 silly addNamed semver.valid 0.6.0
203 silly addNamed semver.validRange 0.6.0
204 verbose afterAdd /Users/imoffitt/.npm/generator-generator/0.6.0/package/package.json not in flight; writing
205 http 304 https://registry.npmjs.org/generator-patternlab
206 silly registry.get cb [ 304,
206 silly registry.get   { date: 'Tue, 24 Feb 2015 18:06:34 GMT',
206 silly registry.get     server: 'Apache',
206 silly registry.get     via: '1.1 varnish',
206 silly registry.get     'last-modified': 'Tue, 24 Feb 2015 18:06:35 GMT',
206 silly registry.get     'cache-control': 'max-age=60',
206 silly registry.get     etag: '"6YGA0TMJ6ORNT0N73HQNZZE10"',
206 silly registry.get     age: '0',
206 silly registry.get     'x-served-by': 'cache-atl6230-ATL',
206 silly registry.get     'x-cache': 'MISS',
206 silly registry.get     'x-cache-hits': '0',
206 silly registry.get     'x-timer': 'S1424801194.917486,VS0,VE145',
206 silly registry.get     vary: 'Accept',
206 silly registry.get     'content-length': '0',
206 silly registry.get     'keep-alive': 'timeout=10, max=49',
206 silly registry.get     connection: 'Keep-Alive' } ]
207 verbose etag https://registry.npmjs.org/generator-patternlab from cache
208 silly addNameRange number 2 { name: 'generator-patternlab', range: '*', hasData: true }
209 silly addNameRange versions [ 'generator-patternlab',
209 silly addNameRange   [ '0.1.0',
209 silly addNameRange     '0.1.1',
209 silly addNameRange     '0.1.2',
209 silly addNameRange     '0.2.0',
209 silly addNameRange     '0.2.1',
209 silly addNameRange     '0.2.3',
209 silly addNameRange     '0.2.4',
209 silly addNameRange     '0.2.5',
209 silly addNameRange     '0.2.6',
209 silly addNameRange     '0.2.7',
209 silly addNameRange     '0.3.0',
209 silly addNameRange     '0.3.1',
209 silly addNameRange     '0.3.2',
209 silly addNameRange     '0.3.3',
209 silly addNameRange     '0.3.4' ] ]
210 verbose addNamed generator-patternlab@0.3.4
211 verbose addNamed generator-patternlab@0.3.4 not in flight; adding
212 silly addNamed semver.valid 0.3.4
213 silly addNamed semver.validRange 0.3.4
214 verbose afterAdd /Users/imoffitt/.npm/generator-patternlab/0.3.4/package/package.json not in flight; writing
215 http 304 https://registry.npmjs.org/generator-webapp
216 silly registry.get cb [ 304,
216 silly registry.get   { date: 'Tue, 24 Feb 2015 18:06:35 GMT',
216 silly registry.get     server: 'Apache',
216 silly registry.get     via: '1.1 varnish',
216 silly registry.get     'last-modified': 'Tue, 24 Feb 2015 18:06:35 GMT',
216 silly registry.get     'cache-control': 'max-age=60',
216 silly registry.get     etag: '"94FDJG2O8132GD7K8BWLGWM1O"',
216 silly registry.get     age: '0',
216 silly registry.get     'x-served-by': 'cache-atl6226-ATL',
216 silly registry.get     'x-cache': 'MISS',
216 silly registry.get     'x-cache-hits': '0',
216 silly registry.get     'x-timer': 'S1424801195.055678,VS0,VE30',
216 silly registry.get     vary: 'Accept',
216 silly registry.get     'content-length': '0',
216 silly registry.get     'keep-alive': 'timeout=10, max=49',
216 silly registry.get     connection: 'Keep-Alive' } ]
217 verbose etag https://registry.npmjs.org/generator-webapp from cache
218 silly addNameRange number 2 { name: 'generator-webapp', range: '*', hasData: true }
219 silly addNameRange versions [ 'generator-webapp',
219 silly addNameRange   [ '0.1.0',
219 silly addNameRange     '0.1.1',
219 silly addNameRange     '0.1.2',
219 silly addNameRange     '0.1.3',
219 silly addNameRange     '0.1.4',
219 silly addNameRange     '0.1.5',
219 silly addNameRange     '0.1.6',
219 silly addNameRange     '0.1.7',
219 silly addNameRange     '0.2.0',
219 silly addNameRange     '0.2.1',
219 silly addNameRange     '0.2.2',
219 silly addNameRange     '0.2.3',
219 silly addNameRange     '0.2.4',
219 silly addNameRange     '0.2.5',
219 silly addNameRange     '0.2.6',
219 silly addNameRange     '0.2.7',
219 silly addNameRange     '0.3.0',
219 silly addNameRange     '0.3.1',
219 silly addNameRange     '0.4.0',
219 silly addNameRange     '0.4.1',
219 silly addNameRange     '0.4.2',
219 silly addNameRange     '0.4.3',
219 silly addNameRange     '0.4.4',
219 silly addNameRange     '0.4.5',
219 silly addNameRange     '0.4.6',
219 silly addNameRange     '0.4.7',
219 silly addNameRange     '0.4.8',
219 silly addNameRange     '0.4.9',
219 silly addNameRange     '0.5.0-1',
219 silly addNameRange     '0.5.0-rc.1',
219 silly addNameRange     '0.5.0-2',
219 silly addNameRange     '0.5.0',
219 silly addNameRange     '0.5.1' ] ]
220 verbose addNamed generator-webapp@0.5.1
221 verbose addNamed generator-webapp@0.5.1 not in flight; adding
222 silly addNamed semver.valid 0.5.1
223 silly addNamed semver.validRange 0.5.1
224 verbose afterAdd /Users/imoffitt/.npm/generator-webapp/0.5.1/package/package.json not in flight; writing
225 http 404 https://registry.npmjs.org/generator-brei-gulp
226 verbose headers { date: 'Tue, 24 Feb 2015 18:06:35 GMT',
226 verbose headers   server: 'CouchDB/1.5.0 (Erlang OTP/R16B03)',
226 verbose headers   'content-type': 'application/json',
226 verbose headers   'cache-control': 'max-age=0',
226 verbose headers   'content-length': '52',
226 verbose headers   'accept-ranges': 'bytes',
226 verbose headers   via: '1.1 varnish',
226 verbose headers   age: '0',
226 verbose headers   'x-served-by': 'cache-atl6223-ATL',
226 verbose headers   'x-cache': 'MISS',
226 verbose headers   'x-cache-hits': '0',
226 verbose headers   'x-timer': 'S1424801194.862565,VS0,VE315',
226 verbose headers   'keep-alive': 'timeout=10, max=50',
226 verbose headers   connection: 'Keep-Alive' }
227 silly registry.get cb [ 404,
227 silly registry.get   { date: 'Tue, 24 Feb 2015 18:06:35 GMT',
227 silly registry.get     server: 'CouchDB/1.5.0 (Erlang OTP/R16B03)',
227 silly registry.get     'content-type': 'application/json',
227 silly registry.get     'cache-control': 'max-age=0',
227 silly registry.get     'content-length': '52',
227 silly registry.get     'accept-ranges': 'bytes',
227 silly registry.get     via: '1.1 varnish',
227 silly registry.get     age: '0',
227 silly registry.get     'x-served-by': 'cache-atl6223-ATL',
227 silly registry.get     'x-cache': 'MISS',
227 silly registry.get     'x-cache-hits': '0',
227 silly registry.get     'x-timer': 'S1424801194.862565,VS0,VE315',
227 silly registry.get     'keep-alive': 'timeout=10, max=50',
227 silly registry.get     connection: 'Keep-Alive' } ]
228 http 304 https://registry.npmjs.org/generator-gulp-webapp
229 silly registry.get cb [ 304,
229 silly registry.get   { date: 'Tue, 24 Feb 2015 18:06:34 GMT',
229 silly registry.get     server: 'Apache',
229 silly registry.get     via: '1.1 varnish',
229 silly registry.get     'last-modified': 'Tue, 24 Feb 2015 18:06:35 GMT',
229 silly registry.get     'cache-control': 'max-age=60',
229 silly registry.get     etag: '"BONAL3J4FGCM47E2OMK28URUR"',
229 silly registry.get     age: '0',
229 silly registry.get     'x-served-by': 'cache-atl6235-ATL',
229 silly registry.get     'x-cache': 'MISS',
229 silly registry.get     'x-cache-hits': '0',
229 silly registry.get     'x-timer': 'S1424801194.875014,VS0,VE317',
229 silly registry.get     vary: 'Accept',
229 silly registry.get     'content-length': '0',
229 silly registry.get     'keep-alive': 'timeout=10, max=50',
229 silly registry.get     connection: 'Keep-Alive' } ]
230 verbose etag https://registry.npmjs.org/generator-gulp-webapp from cache
231 silly addNameRange number 2 { name: 'generator-gulp-webapp', range: '*', hasData: true }
232 silly addNameRange versions [ 'generator-gulp-webapp',
232 silly addNameRange   [ '0.0.1',
232 silly addNameRange     '0.0.3',
232 silly addNameRange     '0.0.4',
232 silly addNameRange     '0.0.5',
232 silly addNameRange     '0.0.6',
232 silly addNameRange     '0.0.7',
232 silly addNameRange     '0.0.8',
232 silly addNameRange     '0.1.0',
232 silly addNameRange     '0.2.0',
232 silly addNameRange     '0.3.0' ] ]
233 verbose addNamed generator-gulp-webapp@0.3.0
234 verbose addNamed generator-gulp-webapp@0.3.0 not in flight; adding
235 silly addNamed semver.valid 0.3.0
236 silly addNamed semver.validRange 0.3.0
237 verbose afterAdd /Users/imoffitt/.npm/generator-gulp-webapp/0.3.0/package/package.json not in flight; writing
238 http 304 https://registry.npmjs.org/generator-revealjs
239 silly registry.get cb [ 304,
239 silly registry.get   { date: 'Tue, 24 Feb 2015 18:06:35 GMT',
239 silly registry.get     server: 'Apache',
239 silly registry.get     via: '1.1 varnish',
239 silly registry.get     'last-modified': 'Tue, 24 Feb 2015 18:06:35 GMT',
239 silly registry.get     'cache-control': 'max-age=60',
239 silly registry.get     etag: '"8R1BICM3QWFFUHX2XVHNRD2GT"',
239 silly registry.get     age: '0',
239 silly registry.get     'x-served-by': 'cache-atl6234-ATL',
239 silly registry.get     'x-cache': 'MISS',
239 silly registry.get     'x-cache-hits': '0',
239 silly registry.get     'x-timer': 'S1424801195.018835,VS0,VE325',
239 silly registry.get     vary: 'Accept',
239 silly registry.get     'content-length': '0',
239 silly registry.get     'keep-alive': 'timeout=10, max=49',
239 silly registry.get     connection: 'Keep-Alive' } ]
240 verbose etag https://registry.npmjs.org/generator-revealjs from cache
241 silly addNameRange number 2 { name: 'generator-revealjs', range: '*', hasData: true }
242 silly addNameRange versions [ 'generator-revealjs', [ '0.0.1', '0.0.2' ] ]
243 verbose addNamed generator-revealjs@0.0.2
244 verbose addNamed generator-revealjs@0.0.2 not in flight; adding
245 silly addNamed semver.valid 0.0.2
246 silly addNamed semver.validRange 0.0.2
247 verbose afterAdd /Users/imoffitt/.npm/generator-revealjs/0.0.2/package/package.json not in flight; writing
248 http 304 https://registry.npmjs.org/generator-mocha
249 silly registry.get cb [ 304,
249 silly registry.get   { date: 'Tue, 24 Feb 2015 18:06:35 GMT',
249 silly registry.get     server: 'Apache',
249 silly registry.get     via: '1.1 varnish',
249 silly registry.get     'last-modified': 'Tue, 24 Feb 2015 18:06:35 GMT',
249 silly registry.get     'cache-control': 'max-age=60',
249 silly registry.get     etag: '"2IA865DRMQBYRQDMKJ0W2EB1B"',
249 silly registry.get     age: '0',
249 silly registry.get     'x-served-by': 'cache-atl6230-ATL',
249 silly registry.get     'x-cache': 'HIT',
249 silly registry.get     'x-cache-hits': '1',
249 silly registry.get     'x-timer': 'S1424801195.086899,VS0,VE314',
249 silly registry.get     vary: 'Accept',
249 silly registry.get     'content-length': '0',
249 silly registry.get     'keep-alive': 'timeout=10, max=48',
249 silly registry.get     connection: 'Keep-Alive' } ]
250 verbose etag https://registry.npmjs.org/generator-mocha from cache
251 silly addNameRange number 2 { name: 'generator-mocha', range: '*', hasData: true }
252 silly addNameRange versions [ 'generator-mocha',
252 silly addNameRange   [ '0.1.0', '0.1.1', '0.1.2', '0.1.3', '0.1.4', '0.1.5', '0.1.6' ] ]
253 verbose addNamed generator-mocha@0.1.6
254 verbose addNamed generator-mocha@0.1.6 not in flight; adding
255 silly addNamed semver.valid 0.1.6
256 silly addNamed semver.validRange 0.1.6
257 verbose afterAdd /Users/imoffitt/.npm/generator-mocha/0.1.6/package/package.json not in flight; writing
258 verbose stack Error: 404 Not Found: generator-brei-gulp
258 verbose stack     at RegClient.<anonymous> (/usr/local/lib/node_modules/npm/node_modules/npm-registry-client/lib/request.js:258:14)
258 verbose stack     at Request._callback (/usr/local/lib/node_modules/npm/node_modules/npm-registry-client/lib/request.js:197:65)
258 verbose stack     at Request.self.callback (/usr/local/lib/node_modules/npm/node_modules/request/request.js:237:22)
258 verbose stack     at Request.EventEmitter.emit (events.js:98:17)
258 verbose stack     at Request.<anonymous> (/usr/local/lib/node_modules/npm/node_modules/request/request.js:1146:14)
258 verbose stack     at Request.EventEmitter.emit (events.js:117:20)
258 verbose stack     at IncomingMessage.<anonymous> (/usr/local/lib/node_modules/npm/node_modules/request/request.js:1097:12)
258 verbose stack     at IncomingMessage.EventEmitter.emit (events.js:117:20)
258 verbose stack     at _stream_readable.js:920:16
258 verbose stack     at process._tickCallback (node.js:415:13)
259 verbose statusCode 404
260 verbose pkgid generator-brei-gulp
261 verbose cwd /Users/imoffitt/Dropbox/_side-projects/generator-brei-app
262 error Darwin 14.1.0
263 error argv "node" "/usr/local/bin/npm" "install" "-g" "generator-brei-app" "generator-brei-gulp" "generator-generator" "generator-gulp-webapp" "generator-jquery" "generator-patternlab" "generator-revealjs" "generator-webapp" "generator-mocha"
264 error node v0.10.26
265 error npm  v2.1.3
266 error code E404
267 error 404 Not Found: generator-brei-gulp
267 error 404
267 error 404 'generator-brei-gulp' is not in the npm registry.
267 error 404 You should bug the author to publish it (or use the name yourself!)
267 error 404
267 error 404 Note that you can also install from a
267 error 404 tarball, folder, http url, or git url.
268 verbose exit [ 1, true ]
